2019-03-26 23:35:23 DEBUG ComplexNumberController:17 - buildNum method is called!
2019-03-26 23:35:23 DEBUG ComplexNumberController:31 - checking finished successfully
2019-03-26 23:35:23 DEBUG ComplexNumberController:38 - buildNum method is called!
2019-03-26 23:35:23 DEBUG ComplexNumberController:42 - buildNum completed 
2019-03-26 23:36:16 DEBUG ComplexNumberController:17 - buildNum method is called!
2019-03-26 23:36:16 DEBUG ComplexNumberController:31 - checking finished successfully
2019-03-26 23:36:16 DEBUG ComplexNumberController:38 - buildNum method is called!
2019-03-26 23:36:16 DEBUG ComplexNumberController:42 - buildNum completed 
2019-03-26 23:36:37 DEBUG ComplexNumberController:17 - buildNum method is called!
2019-03-26 23:36:37 DEBUG ComplexNumberController:31 - checking finished successfully
2019-03-26 23:36:37 DEBUG ComplexNumberController:38 - buildNum method is called!
2019-03-26 23:36:37 DEBUG ComplexNumberController:42 - buildNum completed 
2019-03-27 00:14:24 DEBUG ComplexNumberController:39 - buildNum method is called!
2019-03-27 00:14:24 DEBUG ComplexNumberController:43 - buildNum completed 
2019-03-27 00:15:36 DEBUG ComplexNumberController:39 - buildNum method is called!
2019-03-27 00:15:36 DEBUG ComplexNumberController:43 - buildNum completed 
2019-03-27 00:16:24 DEBUG ComplexNumberController:39 - buildNum method is called!
2019-03-27 00:16:24 DEBUG ComplexNumberController:43 - buildNum completed 
2019-03-27 00:16:24 DEBUG ComplexNumberController:39 - buildNum method is called!
2019-03-27 00:16:24 DEBUG ComplexNumberController:43 - buildNum completed 
2019-03-27 00:18:11 DEBUG ComplexNumberController:18 - checkParameters method is called!
2019-03-27 00:18:11 DEBUG ComplexNumberController:32 - checking finished successfully
2019-03-27 00:19:06 DEBUG ComplexNumberController:18 - checkParameters method is called!
2019-03-27 00:19:06 DEBUG ComplexNumberController:32 - checking finished successfully
2019-03-27 00:19:25 DEBUG ComplexNumberController:18 - checkParameters method is called!
2019-03-27 00:19:25 DEBUG ComplexNumberController:32 - checking finished successfully
2019-03-27 22:54:06 DEBUG ComplexNumberController:18 - checkParameters method is called!
2019-03-27 22:54:06 DEBUG ComplexNumberController:32 - checking finished successfully
2019-03-27 22:54:06 DEBUG ComplexNumberController:39 - buildNum method is called!
2019-03-27 22:54:06 DEBUG ComplexNumberController:43 - buildNum completed 
2019-03-27 22:54:06 DEBUG ComplexNumberController:39 - buildNum method is called!
2019-03-27 22:54:06 DEBUG ComplexNumberController:43 - buildNum completed 
2019-03-27 23:52:27 DEBUG ComplexNumberController:17 - checkParameters method is called!
2019-03-27 23:52:27 DEBUG ComplexNumberController:31 - checking finished successfully
2019-03-27 23:52:27 DEBUG ComplexNumberController:38 - buildNum method is called!
2019-03-27 23:52:27 DEBUG ComplexNumberController:42 - buildNum completed 
2019-03-27 23:53:00 DEBUG ComplexNumberController:17 - checkParameters method is called!
2019-03-27 23:53:00 ERROR ComplexNumberController:22 - Incorrect 'imaginary' input
2019-03-27 23:53:06 DEBUG ComplexNumberController:17 - checkParameters method is called!
2019-03-27 23:53:06 ERROR ComplexNumberController:28 - Incorrect 'real' input
2019-03-27 23:53:12 DEBUG ComplexNumberController:17 - checkParameters method is called!
2019-03-27 23:53:12 DEBUG ComplexNumberController:31 - checking finished successfully
2019-03-27 23:53:12 DEBUG ComplexNumberController:38 - buildNum method is called!
2019-03-27 23:53:12 DEBUG ComplexNumberController:42 - buildNum completed 
2019-03-28 00:01:08 DEBUG ComplexNumberController:18 - checkParameters method is called!
2019-03-28 00:01:08 DEBUG ComplexNumberController:32 - checking finished successfully
2019-03-28 00:01:08 DEBUG ComplexNumberController:39 - buildNum method is called!
2019-03-28 00:01:08 DEBUG ComplexNumberController:43 - buildNum completed 
2019-03-28 00:01:08 DEBUG ComplexNumberController:18 - checkParameters method is called!
2019-03-28 00:01:08 ERROR ComplexNumberController:29 - Incorrect 'real' input
2019-03-28 00:01:08 DEBUG ComplexNumberController:18 - checkParameters method is called!
2019-03-28 00:01:08 ERROR ComplexNumberController:23 - Incorrect 'imaginary' input
2019-03-28 00:01:08 DEBUG ComplexNumberController:18 - checkParameters method is called!
2019-03-28 00:01:08 ERROR ComplexNumberController:23 - Incorrect 'imaginary' input
2019-03-28 00:01:08 DEBUG ComplexNumberController:18 - checkParameters method is called!
2019-03-28 00:01:08 DEBUG ComplexNumberController:32 - checking finished successfully
2019-03-28 00:01:08 DEBUG ComplexNumberController:39 - buildNum method is called!
2019-03-28 00:01:08 DEBUG ComplexNumberController:43 - buildNum completed 
2019-03-28 00:33:03 DEBUG ComplexNumberController:18 - checkParameters method is called!
2019-03-28 00:33:03 DEBUG ComplexNumberController:32 - checking finished successfully
2019-03-28 00:33:03 DEBUG ComplexNumberController:39 - buildNum method is called!
2019-03-28 00:33:03 DEBUG ComplexNumberController:43 - buildNum completed 
2019-03-28 00:33:03 DEBUG ComplexNumberController:18 - checkParameters method is called!
2019-03-28 00:33:03 ERROR ComplexNumberController:29 - Incorrect 'real' input
2019-03-28 00:33:03 DEBUG ComplexNumberController:18 - checkParameters method is called!
2019-03-28 00:33:03 ERROR ComplexNumberController:23 - Incorrect 'imaginary' input
2019-03-28 00:33:03 DEBUG ComplexNumberController:18 - checkParameters method is called!
2019-03-28 00:33:03 ERROR ComplexNumberController:23 - Incorrect 'imaginary' input
2019-03-28 00:33:03 DEBUG ComplexNumberController:18 - checkParameters method is called!
2019-03-28 00:33:03 DEBUG ComplexNumberController:32 - checking finished successfully
2019-03-28 00:33:03 DEBUG ComplexNumberController:39 - buildNum method is called!
2019-03-28 00:33:03 DEBUG ComplexNumberController:43 - buildNum completed 
2019-03-28 00:33:11 INFO  Application:34 - .... Fetching nums
2019-03-28 00:33:13 INFO  Application:35 - real-30 -->backend.com.edu.epam.kpp.Entity.ComplexNumber@7b603c1
2019-03-28 00:33:15 INFO  Application:36 - real-40 -->backend.com.edu.epam.kpp.Entity.ComplexNumber@87003c1
2019-03-28 00:33:15 INFO  Application:37 - real-30 -->backend.com.edu.epam.kpp.Entity.ComplexNumber@7b603c1
2019-03-28 00:33:15 INFO  Application:38 - real-30 -->backend.com.edu.epam.kpp.Entity.ComplexNumber@7b603c1
2019-03-28 00:33:15 INFO  Application:39 - real-40 -->backend.com.edu.epam.kpp.Entity.ComplexNumber@87003c1
2019-03-28 00:33:17 INFO  Application:40 - real-50 -->backend.com.edu.epam.kpp.Entity.ComplexNumber@90b03c1
2019-03-28 00:50:12 DEBUG ComplexNumberController:29 - getByParts method is called!
2019-03-28 00:50:18 DEBUG ComplexNumberController:29 - getByParts method is called!
2019-03-28 00:50:23 DEBUG ComplexNumberController:29 - getByParts method is called!
2019-03-28 00:50:29 DEBUG ComplexNumberController:29 - getByParts method is called!
2019-03-28 00:50:33 DEBUG ComplexNumberController:29 - getByParts method is called!
2019-03-28 00:50:40 DEBUG ComplexNumberController:29 - getByParts method is called!
2019-03-28 00:50:43 DEBUG ComplexNumberController:29 - getByParts method is called!
2019-03-28 00:54:32 DEBUG ComplexNumberController:47 - checkParameters method is called!
2019-03-28 00:54:32 DEBUG ComplexNumberController:61 - checking finished successfully
2019-03-28 00:54:32 DEBUG ComplexNumberController:68 - buildNum method is called!
2019-03-28 00:54:32 DEBUG ComplexNumberController:72 - buildNum completed 
2019-03-28 00:54:32 DEBUG ComplexNumberController:47 - checkParameters method is called!
2019-03-28 00:54:32 ERROR ComplexNumberController:58 - Incorrect 'real' input
2019-03-28 00:54:32 DEBUG ComplexNumberController:47 - checkParameters method is called!
2019-03-28 00:54:32 ERROR ComplexNumberController:52 - Incorrect 'imaginary' input
2019-03-28 00:54:32 DEBUG ComplexNumberController:47 - checkParameters method is called!
2019-03-28 00:54:32 ERROR ComplexNumberController:52 - Incorrect 'imaginary' input
2019-03-28 00:54:32 DEBUG ComplexNumberController:47 - checkParameters method is called!
2019-03-28 00:54:32 DEBUG ComplexNumberController:61 - checking finished successfully
2019-03-28 00:54:32 DEBUG ComplexNumberController:68 - buildNum method is called!
2019-03-28 00:54:32 DEBUG ComplexNumberController:72 - buildNum completed 
2019-03-28 00:54:32 DEBUG ComplexNumberController:29 - getByParts method is called!
2019-03-28 00:54:47 DEBUG ComplexNumberController:47 - checkParameters method is called!
2019-03-28 00:54:47 DEBUG ComplexNumberController:61 - checking finished successfully
2019-03-28 00:54:47 DEBUG ComplexNumberController:68 - buildNum method is called!
2019-03-28 00:54:47 DEBUG ComplexNumberController:72 - buildNum completed 
2019-03-28 00:54:47 DEBUG ComplexNumberController:47 - checkParameters method is called!
2019-03-28 00:54:47 ERROR ComplexNumberController:58 - Incorrect 'real' input
2019-03-28 00:54:47 DEBUG ComplexNumberController:47 - checkParameters method is called!
2019-03-28 00:54:47 ERROR ComplexNumberController:52 - Incorrect 'imaginary' input
2019-03-28 00:54:47 DEBUG ComplexNumberController:47 - checkParameters method is called!
2019-03-28 00:54:47 ERROR ComplexNumberController:52 - Incorrect 'imaginary' input
2019-03-28 00:54:47 DEBUG ComplexNumberController:47 - checkParameters method is called!
2019-03-28 00:54:47 DEBUG ComplexNumberController:61 - checking finished successfully
2019-03-28 00:54:47 DEBUG ComplexNumberController:68 - buildNum method is called!
2019-03-28 00:54:47 DEBUG ComplexNumberController:72 - buildNum completed 
2019-03-28 00:54:47 DEBUG ComplexNumberController:29 - getByParts method is called!
2019-03-28 00:55:02 DEBUG ComplexNumberController:29 - getByParts method is called!
2019-03-28 00:55:20 DEBUG ComplexNumberController:29 - getByParts method is called!
2019-03-28 00:57:57 DEBUG ComplexNumberController:68 - buildNum method is called!
2019-03-28 00:57:57 DEBUG ComplexNumberController:72 - buildNum completed 
2019-03-28 00:57:57 DEBUG ComplexNumberController:29 - getByParts method is called!
2019-03-28 00:59:23 DEBUG ComplexNumberController:68 - buildNum method is called!
2019-03-28 00:59:23 DEBUG ComplexNumberController:72 - buildNum completed 
2019-03-28 00:59:23 DEBUG ComplexNumberController:68 - buildNum method is called!
2019-03-28 00:59:23 DEBUG ComplexNumberController:72 - buildNum completed 
2019-03-28 00:59:23 DEBUG ComplexNumberController:68 - buildNum method is called!
2019-03-28 00:59:23 DEBUG ComplexNumberController:72 - buildNum completed 
2019-03-28 00:59:23 DEBUG ComplexNumberController:29 - getByParts method is called!
2019-03-28 00:59:23 DEBUG ComplexNumberController:47 - checkParameters method is called!
2019-03-28 00:59:23 DEBUG ComplexNumberController:61 - checking finished successfully
2019-03-28 00:59:35 DEBUG ComplexNumberController:68 - buildNum method is called!
2019-03-28 00:59:35 DEBUG ComplexNumberController:72 - buildNum completed 
2019-03-28 00:59:35 DEBUG ComplexNumberController:68 - buildNum method is called!
2019-03-28 00:59:35 DEBUG ComplexNumberController:72 - buildNum completed 
2019-03-28 00:59:35 DEBUG ComplexNumberController:47 - checkParameters method is called!
2019-03-28 00:59:35 DEBUG ComplexNumberController:61 - checking finished successfully
2019-03-28 08:01:58 DEBUG ComplexNumberController:29 - getByParts method is called!
2019-03-28 08:02:06 DEBUG ComplexNumberController:29 - getByParts method is called!
2019-03-28 08:02:11 DEBUG ComplexNumberController:29 - getByParts method is called!
2019-03-28 08:02:21 DEBUG ComplexNumberController:29 - getByParts method is called!
2019-03-28 08:02:27 DEBUG ComplexNumberController:29 - getByParts method is called!
2019-03-28 08:02:33 DEBUG ComplexNumberController:29 - getByParts method is called!
2019-03-28 08:02:37 DEBUG ComplexNumberController:29 - getByParts method is called!
2019-03-28 08:27:15 DEBUG ComplexNumberController:31 - getByParts method is called!
2019-03-28 08:27:26 DEBUG ComplexNumberController:31 - getByParts method is called!
2019-03-28 08:27:33 DEBUG ComplexNumberController:31 - getByParts method is called!
2019-03-28 08:28:00 DEBUG ComplexNumberController:62 - checkParameters method is called!
2019-03-28 08:28:00 DEBUG ComplexNumberController:76 - checking finished successfully
2019-03-28 08:28:00 DEBUG ComplexNumberController:83 - buildNum method is called!
2019-03-28 08:28:00 INFO  Cache:22 - Component added into cache
2019-03-28 08:28:07 DEBUG ComplexNumberController:62 - checkParameters method is called!
2019-03-28 08:28:07 DEBUG ComplexNumberController:76 - checking finished successfully
2019-03-28 08:28:07 DEBUG ComplexNumberController:83 - buildNum method is called!
2019-03-28 08:28:07 INFO  Cache:22 - Component added into cache
2019-03-28 08:28:20 DEBUG ComplexNumberController:62 - checkParameters method is called!
2019-03-28 08:28:20 DEBUG ComplexNumberController:76 - checking finished successfully
2019-03-28 08:28:20 DEBUG ComplexNumberController:83 - buildNum method is called!
2019-03-28 08:28:20 DEBUG ComplexNumberController:93 - buildNum completed 
2019-03-28 08:28:28 DEBUG ComplexNumberController:62 - checkParameters method is called!
2019-03-28 08:28:28 DEBUG ComplexNumberController:76 - checking finished successfully
2019-03-28 08:28:28 DEBUG ComplexNumberController:83 - buildNum method is called!
2019-03-28 08:28:28 DEBUG ComplexNumberController:93 - buildNum completed 
2019-03-28 08:28:30 DEBUG ComplexNumberController:62 - checkParameters method is called!
2019-03-28 08:28:30 DEBUG ComplexNumberController:76 - checking finished successfully
2019-03-28 08:28:30 DEBUG ComplexNumberController:83 - buildNum method is called!
2019-03-28 08:28:30 DEBUG ComplexNumberController:93 - buildNum completed 
2019-03-28 08:28:31 DEBUG ComplexNumberController:62 - checkParameters method is called!
2019-03-28 08:28:31 DEBUG ComplexNumberController:76 - checking finished successfully
2019-03-28 08:28:31 DEBUG ComplexNumberController:83 - buildNum method is called!
2019-03-28 08:28:31 DEBUG ComplexNumberController:93 - buildNum completed 
2019-03-28 08:28:32 DEBUG ComplexNumberController:62 - checkParameters method is called!
2019-03-28 08:28:32 DEBUG ComplexNumberController:76 - checking finished successfully
2019-03-28 08:28:32 DEBUG ComplexNumberController:83 - buildNum method is called!
2019-03-28 08:28:32 DEBUG ComplexNumberController:93 - buildNum completed 
2019-03-28 08:28:33 DEBUG ComplexNumberController:62 - checkParameters method is called!
2019-03-28 08:28:33 DEBUG ComplexNumberController:76 - checking finished successfully
2019-03-28 08:28:33 DEBUG ComplexNumberController:83 - buildNum method is called!
2019-03-28 08:28:33 DEBUG ComplexNumberController:93 - buildNum completed 
2019-03-28 08:28:34 DEBUG ComplexNumberController:62 - checkParameters method is called!
2019-03-28 08:28:34 DEBUG ComplexNumberController:76 - checking finished successfully
2019-03-28 08:28:34 DEBUG ComplexNumberController:83 - buildNum method is called!
2019-03-28 08:28:34 DEBUG ComplexNumberController:93 - buildNum completed 
2019-03-28 08:28:36 DEBUG ComplexNumberController:62 - checkParameters method is called!
2019-03-28 08:28:36 DEBUG ComplexNumberController:76 - checking finished successfully
2019-03-28 08:28:36 DEBUG ComplexNumberController:83 - buildNum method is called!
2019-03-28 08:28:36 DEBUG ComplexNumberController:93 - buildNum completed 
2019-03-28 08:28:37 DEBUG ComplexNumberController:62 - checkParameters method is called!
2019-03-28 08:28:37 DEBUG ComplexNumberController:76 - checking finished successfully
2019-03-28 08:28:37 DEBUG ComplexNumberController:83 - buildNum method is called!
2019-03-28 08:28:37 DEBUG ComplexNumberController:93 - buildNum completed 
2019-03-28 08:28:38 DEBUG ComplexNumberController:62 - checkParameters method is called!
2019-03-28 08:28:38 DEBUG ComplexNumberController:76 - checking finished successfully
2019-03-28 08:28:38 DEBUG ComplexNumberController:83 - buildNum method is called!
2019-03-28 08:28:38 DEBUG ComplexNumberController:93 - buildNum completed 
2019-03-28 08:37:42 DEBUG ComplexNumberController:62 - checkParameters method is called!
2019-03-28 08:37:42 DEBUG ComplexNumberController:76 - checking finished successfully
2019-03-28 08:37:42 DEBUG ComplexNumberController:83 - buildNum method is called!
2019-03-28 08:37:42 INFO  Cache:22 - Component added into cache
2019-03-28 08:37:52 DEBUG ComplexNumberController:62 - checkParameters method is called!
2019-03-28 08:37:52 DEBUG ComplexNumberController:76 - checking finished successfully
2019-03-28 08:37:52 DEBUG ComplexNumberController:83 - buildNum method is called!
2019-03-28 08:37:52 DEBUG ComplexNumberController:93 - buildNum completed 
2019-03-28 08:37:53 DEBUG ComplexNumberController:62 - checkParameters method is called!
2019-03-28 08:37:53 DEBUG ComplexNumberController:76 - checking finished successfully
2019-03-28 08:37:53 DEBUG ComplexNumberController:83 - buildNum method is called!
2019-03-28 08:37:53 DEBUG ComplexNumberController:93 - buildNum completed 
2019-03-28 08:37:58 DEBUG ComplexNumberController:62 - checkParameters method is called!
2019-03-28 08:37:58 DEBUG ComplexNumberController:76 - checking finished successfully
2019-03-28 08:37:58 DEBUG ComplexNumberController:83 - buildNum method is called!
2019-03-28 08:37:58 INFO  Cache:22 - Component added into cache
2019-03-28 08:38:02 DEBUG ComplexNumberController:62 - checkParameters method is called!
2019-03-28 08:38:02 DEBUG ComplexNumberController:76 - checking finished successfully
2019-03-28 08:38:02 DEBUG ComplexNumberController:83 - buildNum method is called!
2019-03-28 08:38:02 INFO  Cache:22 - Component added into cache
2019-03-28 08:38:08 DEBUG ComplexNumberController:62 - checkParameters method is called!
2019-03-28 08:38:08 DEBUG ComplexNumberController:76 - checking finished successfully
2019-03-28 08:38:08 DEBUG ComplexNumberController:83 - buildNum method is called!
2019-03-28 08:38:08 INFO  Cache:22 - Component added into cache
2019-03-28 08:38:15 DEBUG ComplexNumberController:62 - checkParameters method is called!
2019-03-28 08:38:15 DEBUG ComplexNumberController:76 - checking finished successfully
2019-03-28 08:38:15 DEBUG ComplexNumberController:83 - buildNum method is called!
2019-03-28 08:38:15 INFO  Cache:22 - Component added into cache
2019-03-28 08:38:19 DEBUG ComplexNumberController:62 - checkParameters method is called!
2019-03-28 08:38:19 DEBUG ComplexNumberController:76 - checking finished successfully
2019-03-28 08:38:19 DEBUG ComplexNumberController:83 - buildNum method is called!
2019-03-28 08:38:19 DEBUG ComplexNumberController:93 - buildNum completed 
2019-03-28 08:38:23 DEBUG ComplexNumberController:62 - checkParameters method is called!
2019-03-28 08:38:23 DEBUG ComplexNumberController:76 - checking finished successfully
2019-03-28 08:38:23 DEBUG ComplexNumberController:83 - buildNum method is called!
2019-03-28 08:38:23 INFO  Cache:22 - Component added into cache
2019-03-28 08:38:26 DEBUG ComplexNumberController:62 - checkParameters method is called!
2019-03-28 08:38:26 DEBUG ComplexNumberController:76 - checking finished successfully
2019-03-28 08:38:26 DEBUG ComplexNumberController:83 - buildNum method is called!
2019-03-28 08:38:26 DEBUG ComplexNumberController:93 - buildNum completed 
2019-03-28 08:38:46 DEBUG ComplexNumberController:31 - getByParts method is called!
2019-03-28 08:38:54 DEBUG ComplexNumberController:31 - getByParts method is called!
2019-03-28 08:39:00 DEBUG ComplexNumberController:31 - getByParts method is called!
2019-03-28 08:39:09 DEBUG ComplexNumberController:31 - getByParts method is called!
2019-03-28 08:39:15 DEBUG ComplexNumberController:31 - getByParts method is called!
2019-03-28 08:39:20 DEBUG ComplexNumberController:31 - getByParts method is called!
2019-03-28 08:39:26 DEBUG ComplexNumberController:31 - getByParts method is called!
2019-03-28 08:39:29 DEBUG ComplexNumberController:31 - getByParts method is called!
2019-03-28 08:39:44 DEBUG ComplexNumberController:31 - getByParts method is called!
2019-03-28 08:39:52 DEBUG ComplexNumberController:31 - getByParts method is called!
2019-03-28 08:39:58 DEBUG ComplexNumberController:31 - getByParts method is called!
2019-03-28 08:40:03 DEBUG ComplexNumberController:31 - getByParts method is called!
2019-03-28 08:40:06 DEBUG ComplexNumberController:31 - getByParts method is called!
2019-03-28 08:40:12 DEBUG ComplexNumberController:31 - getByParts method is called!
2019-03-28 08:40:15 DEBUG ComplexNumberController:31 - getByParts method is called!
2019-03-28 08:40:21 DEBUG ComplexNumberController:31 - getByParts method is called!
2019-03-28 08:40:24 DEBUG ComplexNumberController:31 - getByParts method is called!
2019-03-28 08:40:27 DEBUG ComplexNumberController:31 - getByParts method is called!
2019-03-28 08:40:29 DEBUG ComplexNumberController:31 - getByParts method is called!
2019-03-28 08:40:33 DEBUG ComplexNumberController:31 - getByParts method is called!
2019-03-28 08:40:35 DEBUG ComplexNumberController:31 - getByParts method is called!
2019-03-28 09:24:12 DEBUG ComplexNumberController:63 - checkParameters method is called!
2019-03-28 09:24:12 DEBUG ComplexNumberController:77 - checking finished successfully
2019-03-28 09:24:12 DEBUG ComplexNumberController:84 - buildNum method is called!
2019-03-28 09:24:12 INFO  Cache:22 - Component added into cache
2019-03-28 09:24:15 DEBUG ComplexNumberController:63 - checkParameters method is called!
2019-03-28 09:24:15 DEBUG ComplexNumberController:77 - checking finished successfully
2019-03-28 09:24:15 DEBUG ComplexNumberController:84 - buildNum method is called!
2019-03-28 09:24:15 DEBUG ComplexNumberController:94 - buildNum completed 
2019-03-28 09:35:30 DEBUG ComplexNumberController:63 - checkParameters method is called!
2019-03-28 09:35:30 ERROR ComplexNumberController:68 - Incorrect 'imaginary' input
2019-03-28 09:35:40 DEBUG ComplexNumberController:63 - checkParameters method is called!
2019-03-28 09:35:41 ERROR ComplexNumberController:68 - Incorrect 'imaginary' input
